f:\source-gothicpt\srcgame\release\md5.obj
f:\source-gothicpt\srcgame\release\areaserver.obj
f:\source-gothicpt\srcgame\release\cautocamera.obj
f:\source-gothicpt\srcgame\release\cpartywindow.obj
f:\source-gothicpt\srcgame\release\ctarget.obj
f:\source-gothicpt\srcgame\release\windump.obj
f:\source-gothicpt\srcgame\release\effectsnd.obj
f:\source-gothicpt\srcgame\release\fullzoommap.obj
f:\source-gothicpt\srcgame\release\hoassaparticleeffect.obj
f:\source-gothicpt\srcgame\release\hologin.obj
f:\source-gothicpt\srcgame\release\honewparticlemgr.obj
f:\source-gothicpt\srcgame\release\hophysics.obj
f:\source-gothicpt\srcgame\release\hoeffectmain.obj
f:\source-gothicpt\srcgame\release\hoeffectutil.obj
f:\source-gothicpt\srcgame\release\hoeffectview.obj
f:\source-gothicpt\srcgame\release\pcbangpetsystem.obj
f:\source-gothicpt\srcgame\release\makeshadow.obj
f:\source-gothicpt\srcgame\release\pbackground.obj
f:\source-gothicpt\srcgame\release\score.obj
f:\source-gothicpt\srcgame\release\record.obj
f:\source-gothicpt\srcgame\release\partysever.obj
f:\source-gothicpt\srcgame\release\settings.obj
f:\source-gothicpt\srcgame\release\assatestparticle.obj
f:\source-gothicpt\srcgame\release\sin3d.obj
f:\source-gothicpt\srcgame\release\sineffect.obj
f:\source-gothicpt\srcgame\release\sinhelppet.obj
f:\source-gothicpt\srcgame\release\sinmain.obj
f:\source-gothicpt\srcgame\release\sinmsg.obj
f:\source-gothicpt\srcgame\release\sinpetmessage.obj
f:\source-gothicpt\srcgame\release\sinpubliceffect.obj
f:\source-gothicpt\srcgame\release\sinskilleffect.obj
f:\source-gothicpt\srcgame\release\sinsubmain.obj
f:\source-gothicpt\srcgame\release\morayion.obj
f:\source-gothicpt\srcgame\release\smdsx.obj
f:\source-gothicpt\srcgame\release\smmatrix.obj
f:\source-gothicpt\srcgame\release\smsin.obj
f:\source-gothicpt\srcgame\release\smstgobj.obj
f:\source-gothicpt\srcgame\release\wave.obj
f:\source-gothicpt\srcgame\release\bmpsmooth.obj
f:\source-gothicpt\srcgame\release\ce_cmake.obj
f:\source-gothicpt\srcgame\release\ce_isclanmember.obj
f:\source-gothicpt\srcgame\release\ce_updatecldata.obj
f:\source-gothicpt\srcgame\release\help.obj
f:\source-gothicpt\srcgame\release\isaocheck.obj
f:\source-gothicpt\srcgame\release\wavinthttp.obj
f:\source-gothicpt\srcgame\release\winmain.obj
f:\source-gothicpt\srcgame\release\md5wrapper.obj
f:\source-gothicpt\srcgame\release\anticheat.obj
f:\source-gothicpt\srcgame\release\bellatrafonteffect.obj
f:\source-gothicpt\srcgame\release\confirmationbox.obj
f:\source-gothicpt\srcgame\release\cracker.obj
f:\source-gothicpt\srcgame\release\drawsub.obj
f:\source-gothicpt\srcgame\release\fontimage.obj
f:\source-gothicpt\srcgame\release\assaparticle.obj
f:\source-gothicpt\srcgame\release\hologic.obj
f:\source-gothicpt\srcgame\release\honewparticle.obj
f:\source-gothicpt\srcgame\release\hoparty.obj
f:\source-gothicpt\srcgame\release\hoeffectcontroller.obj
f:\source-gothicpt\srcgame\release\hoeffectresmgr.obj
f:\source-gothicpt\srcgame\release\point3.obj
f:\source-gothicpt\srcgame\release\piscript.obj
f:\source-gothicpt\srcgame\release\ime.obj
f:\source-gothicpt\srcgame\release\jts.obj
f:\source-gothicpt\srcgame\release\netplay.obj
f:\source-gothicpt\srcgame\release\clientfuncpos.obj
f:\source-gothicpt\srcgame\release\svreventspawn.obj
f:\source-gothicpt\srcgame\release\ui.obj
f:\source-gothicpt\srcgame\release\assaparticle7.obj
f:\source-gothicpt\srcgame\release\haquest.obj
f:\source-gothicpt\srcgame\release\sincharstatus.obj
f:\source-gothicpt\srcgame\release\sinhelp.obj
f:\source-gothicpt\srcgame\release\sinitem.obj
f:\source-gothicpt\srcgame\release\sinquest.obj
f:\source-gothicpt\srcgame\release\sinskill_info.obj
f:\source-gothicpt\srcgame\release\sintrade.obj
f:\source-gothicpt\srcgame\release\tempskron.obj
f:\source-gothicpt\srcgame\release\smgeosub.obj
f:\source-gothicpt\srcgame\release\smread3d.obj
f:\source-gothicpt\srcgame\release\smtexture.obj
f:\source-gothicpt\srcgame\release\strclass.obj
f:\source-gothicpt\srcgame\release\ce_cjoin.obj
f:\source-gothicpt\srcgame\release\ce_deletecha.obj
f:\source-gothicpt\srcgame\release\ce_report.obj
f:\source-gothicpt\srcgame\release\guidehelp.obj
f:\source-gothicpt\srcgame\release\micvolume.obj
f:\source-gothicpt\srcgame\release\memmap.obj
f:\source-gothicpt\srcgame\release\process.obj
f:\source-gothicpt\srcgame\release\actiongame.obj
f:\source-gothicpt\srcgame\release\battle.obj
f:\source-gothicpt\srcgame\release\checkdll.obj
f:\source-gothicpt\srcgame\release\cquestwindow.obj
f:\source-gothicpt\srcgame\release\cursefilter.obj
f:\source-gothicpt\srcgame\release\damage.obj
f:\source-gothicpt\srcgame\release\field.obj
f:\source-gothicpt\srcgame\release\hoeffect.obj
f:\source-gothicpt\srcgame\release\hoparticle.obj
f:\source-gothicpt\srcgame\release\hosky.obj
f:\source-gothicpt\srcgame\release\hoeffectmanager.obj
f:\source-gothicpt\srcgame\release\color3.obj
f:\source-gothicpt\srcgame\release\color4.obj
f:\source-gothicpt\srcgame\release\matrix4.obj
f:\source-gothicpt\srcgame\release\piscriptluacommand.obj
f:\source-gothicpt\srcgame\release\inifiles.obj
f:\source-gothicpt\srcgame\release\particle.obj
f:\source-gothicpt\srcgame\release\playmain.obj
f:\source-gothicpt\srcgame\release\restaurewindow.obj
f:\source-gothicpt\srcgame\release\onsever.obj
f:\source-gothicpt\srcgame\release\assaeffect.obj
f:\source-gothicpt\srcgame\release\hapremiumitem.obj
f:\source-gothicpt\srcgame\release\sinassaskilleffect.obj
f:\source-gothicpt\srcgame\release\sinevent.obj
f:\source-gothicpt\srcgame\release\sininventory.obj
f:\source-gothicpt\srcgame\release\sinparkpcbangpet.obj
f:\source-gothicpt\srcgame\release\sinshop.obj
f:\source-gothicpt\srcgame\release\sinsod2.obj
f:\source-gothicpt\srcgame\release\sinwarpgate.obj
f:\source-gothicpt\srcgame\release\sinhaquest.obj
f:\source-gothicpt\srcgame\release\skillsub.obj
f:\source-gothicpt\srcgame\release\smmap3d.obj
f:\source-gothicpt\srcgame\release\smrend3d.obj
f:\source-gothicpt\srcgame\release\smreg.obj
f:\source-gothicpt\srcgame\release\dxwav.obj
f:\source-gothicpt\srcgame\release\ce_chatlist.obj
f:\source-gothicpt\srcgame\release\ce_cviewclaninfo.obj
f:\source-gothicpt\srcgame\release\ce_nouser.obj
f:\source-gothicpt\srcgame\release\clan_enti.obj
f:\source-gothicpt\srcgame\release\tjscroll.obj
f:\source-gothicpt\srcgame\release\auth.obj
f:\source-gothicpt\srcgame\release\util.obj
f:\source-gothicpt\srcgame\release\winintthread.obj
f:\source-gothicpt\srcgame\release\log.obj
f:\source-gothicpt\srcgame\release\avictrl.obj
f:\source-gothicpt\srcgame\release\character.obj
f:\source-gothicpt\srcgame\release\drawdamage.obj
f:\source-gothicpt\srcgame\release\fileread.obj
f:\source-gothicpt\srcgame\release\hoanimdata.obj
f:\source-gothicpt\srcgame\release\holinkheader.obj
f:\source-gothicpt\srcgame\release\hominmax.obj
f:\source-gothicpt\srcgame\release\hoopening.obj
f:\source-gothicpt\srcgame\release\hotextfile.obj
f:\source-gothicpt\srcgame\release\lowlevelpetsystem.obj
f:\source-gothicpt\srcgame\release\hoeffectmodel.obj
f:\source-gothicpt\srcgame\release\honeweffectfunction.obj
f:\source-gothicpt\srcgame\release\login.obj
f:\source-gothicpt\srcgame\release\homessagebox.obj
f:\source-gothicpt\srcgame\release\playsub.obj
f:\source-gothicpt\srcgame\release\security.obj
f:\source-gothicpt\srcgame\release\dllserver.obj
f:\source-gothicpt\srcgame\release\svr_damge.obj
f:\source-gothicpt\srcgame\release\shop.obj
f:\source-gothicpt\srcgame\release\assautil.obj
f:\source-gothicpt\srcgame\release\sinassaparticle.obj
f:\source-gothicpt\srcgame\release\sineffect2.obj
f:\source-gothicpt\srcgame\release\sininterface.obj
f:\source-gothicpt\srcgame\release\sinmessagebox.obj
f:\source-gothicpt\srcgame\release\sinparticle.obj
f:\source-gothicpt\srcgame\release\sinskill.obj
f:\source-gothicpt\srcgame\release\sinutil.obj
f:\source-gothicpt\srcgame\release\yameeffect.obj
f:\source-gothicpt\srcgame\release\smjpeg.obj
f:\source-gothicpt\srcgame\release\smobj3d.obj
f:\source-gothicpt\srcgame\release\smstage3d.obj
f:\source-gothicpt\srcgame\release\smwsock.obj
f:\source-gothicpt\srcgame\release\textmessage.obj
f:\source-gothicpt\srcgame\release\timer.obj
f:\source-gothicpt\srcgame\release\ce_chip.obj
f:\source-gothicpt\srcgame\release\ce_notice.obj
f:\source-gothicpt\srcgame\release\ce_user.obj
f:\source-gothicpt\srcgame\release\tjclan.obj
f:\source-gothicpt\srcgame\release\parkdxplayer.obj
f:\source-gothicpt\srcgame\release\packet.obj
f:\source-gothicpt\srcgame\release\tshop.obj
f:\source-gothicpt\srcgame\release\vc142.pdb
f:\cliente\game.exe
f:\cliente\game.map
f:\source-gothicpt\srcgame\src\release\game.pdb
f:\source-gothicpt\srcgame\release\script1.res
f:\source-gothicpt\srcgame\src\..\..\..\cliente\game.exe
f:\source-gothicpt\srcgame\release\game.tlog\cl.command.1.tlog
f:\source-gothicpt\srcgame\release\game.tlog\cl.read.1.tlog
f:\source-gothicpt\srcgame\release\game.tlog\cl.write.1.tlog
f:\source-gothicpt\srcgame\release\game.tlog\link.command.1.tlog
f:\source-gothicpt\srcgame\release\game.tlog\link.read.1.tlog
f:\source-gothicpt\srcgame\release\game.tlog\link.write.1.tlog
f:\source-gothicpt\srcgame\release\game.tlog\rc.command.1.tlog
f:\source-gothicpt\srcgame\release\game.tlog\rc.read.1.tlog
f:\source-gothicpt\srcgame\release\game.tlog\rc.write.1.tlog
